2020-02-16 20:56:00 - bq - WARNING - cost - line: 75 - POST https://bigquery.googleapis.com/bigquery/v2/projects/ironhack-267217/jobs: Table name "titanic" missing dataset while no default dataset is set in the request.

(job ID: 632ca05c-a7d9-4c53-ba0d-763f2febdab3)

-----Query Job SQL Follows-----

    |    .    |    .    |
   1:SELECT * FROM titanic
    |    .    |    .    |
2020-02-16 20:56:00 - bq - WARNING - cost - line: 76 - Trying to correct the mistake.
2020-02-16 20:56:00 - bq - INFO - cost - line: 80 - Running the following query:
2020-02-16 20:56:00 - bq - INFO - cost - line: 81 - SELECT * FROM ironhack_database.titanic
2020-02-16 20:56:01 - bq - INFO - cost - line: 90 - Processing  0 MB, which costs US$ 0.00
2020-02-16 20:57:09 - bq - WARNING - cost - line: 75 - POST https://bigquery.googleapis.com/bigquery/v2/projects/ironhack-267217/jobs: Table name "titanic" missing dataset while no default dataset is set in the request.

(job ID: 2d7ffc63-f7ee-42d2-87a0-b7eefa6cc327)

-----Query Job SQL Follows-----

    |    .    |    .    |
   1:SELECT * FROM titanic
    |    .    |    .    |
2020-02-16 20:57:09 - bq - WARNING - cost - line: 76 - Trying to correct the mistake.
2020-02-16 20:57:09 - bq - INFO - cost - line: 80 - Running the following query:
2020-02-16 20:57:09 - bq - INFO - cost - line: 81 - SELECT * FROM ironhack_database.titanic
2020-02-16 20:57:09 - bq - INFO - cost - line: 90 - Processing  0 MB, which costs US$ 0.00
2020-02-16 21:01:14 - bq - WARNING - cost - line: 75 - POST https://bigquery.googleapis.com/bigquery/v2/projects/ironhack-267217/jobs: Table name "titanic" missing dataset while no default dataset is set in the request.

(job ID: 26e95b77-2236-4696-8210-16c390c4a65b)

-----Query Job SQL Follows-----

    |    .    |    .    |
   1:SELECT * FROM titanic
    |    .    |    .    |
2020-02-16 21:01:14 - bq - WARNING - cost - line: 76 - Trying to correct the mistake.
2020-02-16 21:01:14 - bq - INFO - cost - line: 80 - Running the following query:
2020-02-16 21:01:14 - bq - INFO - cost - line: 81 - SELECT * FROM ironhack_database.titanic
2020-02-16 21:01:15 - bq - INFO - cost - line: 90 - Processing  0 MB, which costs US$ 0.00
2020-02-16 21:04:40 - bq - WARNING - cost - line: 75 - POST https://bigquery.googleapis.com/bigquery/v2/projects/ironhack-267217/jobs: Table name "titanic" missing dataset while no default dataset is set in the request.

(job ID: 83ccb77e-b2c6-48ed-b0a6-ffe6e5358a96)

-----Query Job SQL Follows-----

    |    .    |    .    |
   1:SELECT * FROM titanic
    |    .    |    .    |
2020-02-16 21:04:40 - bq - WARNING - cost - line: 76 - Trying to correct the mistake.
2020-02-16 21:04:40 - bq - INFO - cost - line: 80 - Running the following query:
2020-02-16 21:04:40 - bq - INFO - cost - line: 81 - SELECT * FROM ironhack_database.titanic
2020-02-16 21:04:40 - bq - INFO - cost - line: 90 - Processing  0 MB, which costs US$ 0.00
2020-02-16 21:05:47 - bq - INFO - cost - line: 90 - Processing  0 MB, which costs US$ 0.00
2020-02-16 21:05:52 - bq - INFO - cost - line: 90 - Processing  0 MB, which costs US$ 0.00
2020-02-16 21:05:57 - bq - WARNING - cost - line: 75 - POST https://bigquery.googleapis.com/bigquery/v2/projects/ironhack-267217/jobs: Table name "titanic" missing dataset while no default dataset is set in the request.

(job ID: 7d9ba4b3-af2a-4a28-bc96-278f254f83cf)

-----Query Job SQL Follows-----

    |    .    |    .    |
   1:SELECT * FROM titanic
    |    .    |    .    |
2020-02-16 21:05:57 - bq - WARNING - cost - line: 76 - Trying to correct the mistake.
2020-02-16 21:05:57 - bq - INFO - cost - line: 80 - Running the following query:
2020-02-16 21:05:57 - bq - INFO - cost - line: 81 - SELECT * FROM ironhack_database.titanic
2020-02-16 21:05:58 - bq - INFO - cost - line: 90 - Processing  0 MB, which costs US$ 0.00
2020-02-16 21:30:17 - bq - INFO - query - line: 113 - Processing 10 MB, which costs US$ 0.00
2020-02-16 21:31:43 - bq - INFO - query - line: 113 - Processing 10 MB, which costs US$ 0.00
2020-02-16 21:32:39 - bq - INFO - query - line: 113 - Processing 10 MB, which costs US$ 0.00
2020-02-16 21:33:45 - bq - INFO - query - line: 113 - Processing 10 MB, which costs US$ 0.00
2020-02-16 21:34:19 - bq - INFO - query - line: 113 - Processing 10 MB, which costs US$ 0.00
2020-02-17 18:40:16 - bq - INFO - cost - line: 90 - Processing  0 MB, which costs US$ 0.00
2020-02-17 18:40:47 - bq - WARNING - cost - line: 75 - POST https://bigquery.googleapis.com/bigquery/v2/projects/ironhack-267217/jobs: Table name "titanic" missing dataset while no default dataset is set in the request.

(job ID: c0eec1ca-0266-41ce-af64-e2ffd79b4d40)

-----Query Job SQL Follows-----

    |    .    |    .    |
   1:SELECT * FROM titanic
    |    .    |    .    |
2020-02-17 18:40:47 - bq - WARNING - cost - line: 76 - Trying to correct the mistake.
2020-02-17 18:40:47 - bq - INFO - cost - line: 80 - Running the following query:
2020-02-17 18:40:47 - bq - INFO - cost - line: 81 - SELECT * FROM ironhack_database.titanic
2020-02-17 18:40:48 - bq - INFO - cost - line: 90 - Processing  0 MB, which costs US$ 0.00
2020-02-17 18:41:13 - bq - WARNING - upload - line: 143 - table_id must be a fully-qualified ID in standard SQL format, e.g., "project.dataset.table_id", got titanic_v2
2020-02-17 18:41:13 - bq - WARNING - upload - line: 145 - Infering the dataset and repeating the action.
2020-02-17 18:41:17 - bq - INFO - upload - line: 147 - titanic_v2 uploaded.
2020-02-17 18:43:31 - bq - INFO - query - line: 113 - Processing 10 MB, which costs US$ 0.00
2020-02-17 18:43:45 - bq - INFO - query - line: 113 - Processing 10 MB, which costs US$ 0.00
2020-02-17 18:43:55 - bq - INFO - query - line: 113 - Processing 10 MB, which costs US$ 0.00
2020-02-17 18:43:59 - bq - INFO - query - line: 113 - Processing  0 MB, which costs US$ 0.00
2020-03-03 16:44:04 - bq - INFO - cost - line: 90 - Processing  0 MB, which costs US$ 0.00
2020-03-03 16:44:04 - bq - WARNING - cost - line: 75 - POST https://bigquery.googleapis.com/bigquery/v2/projects/ironhack-267217/jobs: Table name "titanic" missing dataset while no default dataset is set in the request.

(job ID: 1224126a-8299-4fb8-b09c-92420ea2e2df)

-----Query Job SQL Follows-----

    |    .    |    .    |
   1:SELECT * FROM titanic
    |    .    |    .    |
2020-03-03 16:44:04 - bq - WARNING - cost - line: 76 - Trying to correct the mistake.
2020-03-03 16:44:04 - bq - INFO - cost - line: 80 - Running the following query:
2020-03-03 16:44:04 - bq - INFO - cost - line: 81 - SELECT * FROM ironhack_database.titanic
2020-03-03 16:44:05 - bq - INFO - cost - line: 90 - Processing  0 MB, which costs US$ 0.00
2020-03-03 16:44:05 - bq - WARNING - upload - line: 144 - table_id must be a fully-qualified ID in standard SQL format, e.g., "project.dataset.table_id", got titanic_v2
2020-03-03 16:44:05 - bq - WARNING - upload - line: 146 - Infering the dataset and repeating the action.
2020-03-03 16:44:08 - bq - INFO - upload - line: 148 - titanic_v2 uploaded.
2020-03-03 16:44:12 - bq - INFO - query - line: 114 - Processing 10 MB, which costs US$ 0.00
2020-03-03 17:56:30 - bq - INFO - query - line: 117 - Processing  0 MB, which costs US$ 0.00
2020-03-03 17:56:59 - bq - INFO - query - line: 117 - Processing  0 MB, which costs US$ 0.00
2020-03-03 17:58:31 - bq - INFO - query - line: 117 - Processing  0 MB, which costs US$ 0.00
2020-03-04 12:03:28 - bq - INFO - query - line: 117 - Processing 10 MB, which costs US$ 0.00
2020-03-04 12:43:16 - bq - INFO - query - line: 117 - Processing  0 MB, which costs US$ 0.00
2020-03-04 12:44:05 - bq - INFO - query - line: 117 - Processing  0 MB, which costs US$ 0.00
2020-03-04 12:44:41 - bq - INFO - query - line: 117 - Processing  0 MB, which costs US$ 0.00
2020-03-04 12:44:45 - bq - INFO - query - line: 117 - Processing  0 MB, which costs US$ 0.00
2020-03-04 12:45:32 - bq - INFO - query - line: 117 - Processing  0 MB, which costs US$ 0.00
2020-03-04 12:45:34 - bq - INFO - query - line: 117 - Processing  0 MB, which costs US$ 0.00
2020-03-04 12:45:37 - bq - INFO - query - line: 117 - Processing  0 MB, which costs US$ 0.00
2020-03-04 12:45:40 - bq - INFO - query - line: 117 - Processing  0 MB, which costs US$ 0.00
2020-03-04 12:57:57 - bq - INFO - query - line: 117 - Processing  0 MB, which costs US$ 0.00
2020-03-04 12:58:12 - bq - INFO - query - line: 117 - Processing  0 MB, which costs US$ 0.00
2020-03-04 12:58:27 - bq - INFO - query - line: 117 - Processing  0 MB, which costs US$ 0.00
2020-03-04 14:12:43 - bq - INFO - query - line: 117 - Processing  0 MB, which costs US$ 0.00
2020-03-04 14:12:52 - bq - INFO - query - line: 117 - Processing  0 MB, which costs US$ 0.00
2020-03-09 17:25:58 - bq - INFO - query - line: 117 - Processing 10 MB, which costs US$ 0.00
2020-03-09 17:26:49 - bq - INFO - query - line: 117 - Processing  0 MB, which costs US$ 0.00
2020-03-09 18:00:15 - bq - INFO - query - line: 97 - Processing  0 MB, which costs US$ 0.00
2020-03-09 18:01:42 - bq - INFO - query - line: 97 - Processing 10 MB, which costs US$ 0.00
2020-03-09 18:02:01 - bq - INFO - query - line: 97 - Processing  0 MB, which costs US$ 0.00
2020-03-09 18:03:03 - bq - INFO - query - line: 97 - Processing  0 MB, which costs US$ 0.00
2020-03-09 18:04:03 - bq - INFO - query - line: 97 - Processing  0 MB, which costs US$ 0.00
2020-03-09 18:06:08 - bq - INFO - query - line: 97 - Processing  0 MB, which costs US$ 0.00
2020-03-09 18:06:22 - bq - INFO - query - line: 97 - Processing  0 MB, which costs US$ 0.00
2020-03-09 18:08:25 - bq - INFO - query - line: 97 - Processing  0 MB, which costs US$ 0.00
2020-03-09 18:08:42 - bq - INFO - query - line: 97 - Processing  0 MB, which costs US$ 0.00
2020-03-09 18:09:18 - bq - INFO - query - line: 97 - Processing  0 MB, which costs US$ 0.00
2020-03-09 18:09:43 - bq - INFO - query - line: 97 - Processing  0 MB, which costs US$ 0.00
2020-03-09 18:10:27 - bq - INFO - query - line: 97 - Processing  0 MB, which costs US$ 0.00
2020-03-09 18:10:44 - bq - INFO - query - line: 97 - Processing  0 MB, which costs US$ 0.00
2020-03-09 18:11:30 - bq - INFO - query - line: 97 - Processing  0 MB, which costs US$ 0.00
2020-03-09 18:13:12 - bq - INFO - query - line: 97 - Processing  0 MB, which costs US$ 0.00
2020-03-09 18:13:31 - bq - INFO - query - line: 97 - Processing  0 MB, which costs US$ 0.00
2020-03-09 18:13:58 - bq - INFO - query - line: 97 - Processing  0 MB, which costs US$ 0.00
2020-03-09 18:16:02 - bq - INFO - query - line: 97 - Processing  0 MB, which costs US$ 0.00
2020-03-09 18:16:24 - bq - INFO - query - line: 97 - Processing  0 MB, which costs US$ 0.00
2020-03-09 18:16:40 - bq - INFO - query - line: 97 - Processing  0 MB, which costs US$ 0.00
2020-03-09 18:28:13 - bq - INFO - query - line: 97 - Processing  0 MB, which costs US$ 0.00
2020-03-09 18:28:29 - bq - INFO - query - line: 97 - Processing  0 MB, which costs US$ 0.00
2020-03-09 18:28:32 - bq - INFO - query - line: 97 - Processing  0 MB, which costs US$ 0.00
2020-03-09 18:28:35 - bq - INFO - query - line: 97 - Processing 10 MB, which costs US$ 0.00
2020-03-09 18:30:58 - bq - INFO - query - line: 97 - Processing  0 MB, which costs US$ 0.00
2020-03-09 18:31:20 - bq - INFO - query - line: 97 - Processing  0 MB, which costs US$ 0.00
2020-03-09 18:35:17 - bq - INFO - query - line: 97 - Processing  0 MB, which costs US$ 0.00
2020-03-09 18:35:36 - bq - INFO - query - line: 97 - Processing  0 MB, which costs US$ 0.00
2020-03-09 18:35:48 - bq - INFO - query - line: 97 - Processing  0 MB, which costs US$ 0.00
2020-03-09 18:38:05 - bq - INFO - query - line: 97 - Processing  0 MB, which costs US$ 0.00
2020-03-09 18:38:43 - bq - INFO - query - line: 97 - Processing  0 MB, which costs US$ 0.00
2020-03-09 18:38:46 - bq - INFO - query - line: 97 - Processing  0 MB, which costs US$ 0.00
2020-03-09 18:38:48 - bq - INFO - query - line: 97 - Processing  0 MB, which costs US$ 0.00
2020-03-09 18:39:42 - bq - INFO - query - line: 97 - Processing  0 MB, which costs US$ 0.00
2020-03-09 18:39:44 - bq - INFO - query - line: 97 - Processing  0 MB, which costs US$ 0.00
2020-03-09 18:39:47 - bq - INFO - query - line: 97 - Processing  0 MB, which costs US$ 0.00
2020-03-09 18:39:50 - bq - INFO - query - line: 97 - Processing  0 MB, which costs US$ 0.00
2020-03-09 18:40:18 - bq - INFO - query - line: 97 - Processing  0 MB, which costs US$ 0.00
2020-03-09 18:40:22 - bq - INFO - query - line: 97 - Processing  0 MB, which costs US$ 0.00
2020-03-09 18:40:25 - bq - INFO - query - line: 97 - Processing  0 MB, which costs US$ 0.00
2020-03-09 18:40:27 - bq - INFO - query - line: 97 - Processing  0 MB, which costs US$ 0.00
2020-03-09 18:42:16 - bq - INFO - query - line: 97 - Processing  0 MB, which costs US$ 0.00
2020-03-09 18:42:19 - bq - INFO - query - line: 97 - Processing  0 MB, which costs US$ 0.00
2020-03-09 18:42:23 - bq - INFO - query - line: 97 - Processing  0 MB, which costs US$ 0.00
2020-03-09 18:42:25 - bq - INFO - query - line: 97 - Processing  0 MB, which costs US$ 0.00
2020-03-09 18:44:26 - bq - INFO - query - line: 97 - Processing  0 MB, which costs US$ 0.00
2020-03-09 18:44:28 - bq - INFO - query - line: 97 - Processing  0 MB, which costs US$ 0.00
2020-03-09 18:44:31 - bq - INFO - query - line: 97 - Processing  0 MB, which costs US$ 0.00
2020-03-09 18:44:34 - bq - INFO - query - line: 97 - Processing  0 MB, which costs US$ 0.00
2020-03-09 18:46:19 - bq - INFO - query - line: 97 - Processing  0 MB, which costs US$ 0.00
2020-03-09 18:54:41 - bq - INFO - query - line: 97 - Processing  0 MB, which costs US$ 0.00
2020-03-10 10:54:13 - bq - INFO - query - line: 97 - Processing 10 MB, which costs US$ 0.00
2020-03-10 10:54:47 - bq - INFO - query - line: 97 - Processing  0 MB, which costs US$ 0.00
2020-03-10 10:55:20 - bq - INFO - query - line: 97 - Processing 10 MB, which costs US$ 0.00
2020-03-10 10:58:14 - bq - INFO - query - line: 97 - Processing  0 MB, which costs US$ 0.00
2020-03-10 10:59:18 - bq - INFO - query - line: 97 - Processing  0 MB, which costs US$ 0.00
2020-03-10 10:59:26 - bq - INFO - query - line: 97 - Processing  0 MB, which costs US$ 0.00
2020-03-10 10:59:49 - bq - INFO - query - line: 97 - Processing  0 MB, which costs US$ 0.00
2020-03-10 10:59:52 - bq - INFO - query - line: 97 - Processing  0 MB, which costs US$ 0.00
